Using pre-set license
Built from '2020.3/release' branch; Version is '2020.3.12f1 (b3b2c6512326) revision 11776710'; Using compiler version '192528614'; Build Type 'Release'
OS: 'Windows 10 Home Single Language; OS build 19042.1083; Version 2009; 64bit' Language: 'pt' Physical Memory: 10178 MB
BatchMode: 1, IsHumanControllingUs: 0, StartBugReporterOnCrash: 0, Is64bit: 1, IsPro: 0

 COMMAND LINE ARGUMENTS:
C:\Program Files\Unity\Editor\Unity.exe
-adb2
-batchMode
-noUpm
-name
AssetImportWorker0
-projectPath
C:/Users/jaime/Development/Simple Driving/Simple-Driving/Simple Driving
-logFile
Logs/AssetImportWorker0.log
-srvPort
59405
Successfully changed project path to: C:/Users/jaime/Development/Simple Driving/Simple-Driving/Simple Driving
C:/Users/jaime/Development/Simple Driving/Simple-Driving/Simple Driving
Using Asset Import Pipeline V2.
Refreshing native plugins compatible for Editor in 49.29 ms, found 2 plugins.
Preloading 0 native plugins for Editor in 0.00 ms.
Initialize engine version: 2020.3.12f1 (b3b2c6512326)
[Subsystems] Discovering subsystems at path C:/Program Files/Unity/Editor/Data/Resources/UnitySubsystems
[Subsystems] Discovering subsystems at path C:/Users/jaime/Development/Simple Driving/Simple-Driving/Simple Driving/Assets
GfxDevice: creating device client; threaded=0
Direct3D:
    Version:  Direct3D 11.0 [level 11.1]
    Renderer: Radeon 540X Series (ID=0x6987)
    Vendor:   
    VRAM:     2030 MB
    Driver:   27.20.1028.1
Initialize mono
Mono path[0] = 'C:/Program Files/Unity/Editor/Data/Managed'
Mono path[1] = 'C:/Program Files/Unity/Editor/Data/MonoBleedingEdge/lib/mono/unityjit'
Mono config path = 'C:/Program Files/Unity/Editor/Data/MonoBleedingEdge/etc'
Using monoOptions --debugger-agent=transport=dt_socket,embedding=1,server=y,suspend=n,address=127.0.0.1:56516
Begin MonoManager ReloadAssembly
Registering precompiled unity dll's ...
Register platform support module: C:/Program Files/Unity/Editor/Data/PlaybackEngines/WindowsStandaloneSupport/UnityEditor.WindowsStandalone.Extensions.dll
Registered in 0.006271 seconds.
Native extension for WindowsStandalone target not found
Refreshing native plugins compatible for Editor in 48.70 ms, found 2 plugins.
Preloading 0 native plugins for Editor in 0.00 ms.
Mono: successfully reloaded assembly
- Completed reload, in  2.178 seconds
Platform modules already initialized, skipping
Registering precompiled user dll's ...
Registered in 0.006662 seconds.
Begin MonoManager ReloadAssembly
Native extension for WindowsStandalone target not found
Refreshing native plugins compatible for Editor in 54.00 ms, found 2 plugins.
Preloading 0 native plugins for Editor in 0.00 ms.
Mono: successfully reloaded assembly
- Completed reload, in  1.572 seconds
Platform modules already initialized, skipping
========================================================================
Worker process is ready to serve import requests
Launched and connected shader compiler UnityShaderCompiler.exe after 0.24 seconds
Refreshing native plugins compatible for Editor in 0.51 ms, found 2 plugins.
Preloading 0 native plugins for Editor in 0.00 ms.
Unloading 1727 Unused Serialized files (Serialized files now loaded: 0)
System memory in use before: 77.6 MB.
System memory in use after: 77.6 MB.

Unloading 21 unused Assets to reduce memory usage. Loaded Objects now: 2162.
Total: 4.735600 ms (FindLiveObjects: 0.340100 ms CreateObjectMapping: 0.114900 ms MarkObjects: 4.125800 ms  DeleteObjects: 0.152100 ms)

AssetImportParameters requested are different than current active one (requested -> active):
  custom:framework-win-MediaFoundation: 216162199b28c13a410421893ffa2e32 -> 
  custom:video-decoder-ogg-theora: a1e56fd34408186e4bbccfd4996cb3dc -> 
  custom:container-muxer-webm: aa71ff27fc2769a1b78a27578f13a17b -> 
  custom:container-demuxer-webm: 4f35f7cbe854078d1ac9338744f61a02 -> 
  custom:container-demuxer-ogg: 62fdf1f143b41e24485cea50d1cbac27 -> 
  custom:video-encoder-webm-vp8: eb34c28f22e8b96e1ab97ce403110664 -> 
  custom:video-decoder-webm-vp8: 9c59270c3fd7afecdb556c50c9e8de78 -> 
  custom:audio-decoder-ogg-vorbis: bf7c407c2cedff20999df2af8eb42d56 -> 
  custom:audio-encoder-webm-vorbis: bf7c407c2cedff20999df2af8eb42d56 -> 
========================================================================
Received Import Request.
  path: Assets/Scenes
  artifactKey: Guid(d2a182e4226b4df41a8a8cee41e0d82f) Importer(815301076,1909f56bfc062723c751e8b465ee728b)
Start importing Assets/Scenes using Guid(d2a182e4226b4df41a8a8cee41e0d82f) Importer(815301076,1909f56bfc062723c751e8b465ee728b)  -> (artifact id: '40be594e7ddb5167f386863496087b8b') in 0.015499 seconds 
  Import took 0.022525 seconds .

========================================================================
Received Import Request.
  Time since last request: 63.351814 seconds.
  path: Assets
  artifactKey: Guid(00000000000000001000000000000000) Importer(815301076,1909f56bfc062723c751e8b465ee728b)
Start importing Assets using Guid(00000000000000001000000000000000) Importer(815301076,1909f56bfc062723c751e8b465ee728b)  -> (artifact id: '42d402b061de3733987d63b9cc3b64de') in 0.020431 seconds 
  Import took 0.030703 seconds .

========================================================================
Received Import Request.
  Time since last request: 4.152971 seconds.
  path: Assets/Scripts
  artifactKey: Guid(19d545e1d0a34d64e8ebf9673577431a) Importer(815301076,1909f56bfc062723c751e8b465ee728b)
Start importing Assets/Scripts using Guid(19d545e1d0a34d64e8ebf9673577431a) Importer(815301076,1909f56bfc062723c751e8b465ee728b)  -> (artifact id: '054b96eef3f06f34979669c861083283') in 0.019228 seconds 
  Import took 0.026000 seconds .

========================================================================
Received Import Request.
  Time since last request: 155.758627 seconds.
  path: Assets/Scripts/Car.cs
  artifactKey: Guid(162a93e348e655041a3883e931aa0bfd) Importer(815301076,1909f56bfc062723c751e8b465ee728b)
Start importing Assets/Scripts/Car.cs using Guid(162a93e348e655041a3883e931aa0bfd) Importer(815301076,1909f56bfc062723c751e8b465ee728b)  -> (artifact id: 'd15c3b2ea867846fbbb3ee48d70bf478') in 0.074365 seconds 
  Import took 0.084372 seconds .

========================================================================
Received Prepare
Registering precompiled user dll's ...
Registered in 0.005648 seconds.
Begin MonoManager ReloadAssembly
Native extension for WindowsStandalone target not found
Refreshing native plugins compatible for Editor in 0.46 ms, found 2 plugins.
Preloading 0 native plugins for Editor in 0.00 ms.
Mono: successfully reloaded assembly
- Completed reload, in  1.985 seconds
Platform modules already initialized, skipping
Refreshing native plugins compatible for Editor in 0.51 ms, found 2 plugins.
Preloading 0 native plugins for Editor in 0.00 ms.
Unloading 1723 Unused Serialized files (Serialized files now loaded: 0)
System memory in use before: 77.7 MB.
System memory in use after: 77.8 MB.

Unloading 14 unused Assets to reduce memory usage. Loaded Objects now: 2166.
Total: 6.686300 ms (FindLiveObjects: 0.345000 ms CreateObjectMapping: 0.117000 ms MarkObjects: 6.047300 ms  DeleteObjects: 0.173400 ms)

AssetImportParameters requested are different than current active one (requested -> active):
  custom:framework-win-MediaFoundation: 216162199b28c13a410421893ffa2e32 -> 
  custom:video-decoder-ogg-theora: a1e56fd34408186e4bbccfd4996cb3dc -> 
  custom:container-muxer-webm: aa71ff27fc2769a1b78a27578f13a17b -> 
  custom:container-demuxer-webm: 4f35f7cbe854078d1ac9338744f61a02 -> 
  custom:container-demuxer-ogg: 62fdf1f143b41e24485cea50d1cbac27 -> 
  custom:video-encoder-webm-vp8: eb34c28f22e8b96e1ab97ce403110664 -> 
  custom:video-decoder-webm-vp8: 9c59270c3fd7afecdb556c50c9e8de78 -> 
  custom:audio-decoder-ogg-vorbis: bf7c407c2cedff20999df2af8eb42d56 -> 
  custom:audio-encoder-webm-vorbis: bf7c407c2cedff20999df2af8eb42d56 -> 
========================================================================
Received Prepare
Registering precompiled user dll's ...
Registered in 0.005567 seconds.
Begin MonoManager ReloadAssembly
Native extension for WindowsStandalone target not found
Refreshing native plugins compatible for Editor in 0.76 ms, found 2 plugins.
Preloading 0 native plugins for Editor in 0.00 ms.
Mono: successfully reloaded assembly
- Completed reload, in  2.226 seconds
Platform modules already initialized, skipping
Refreshing native plugins compatible for Editor in 0.88 ms, found 2 plugins.
Preloading 0 native plugins for Editor in 0.00 ms.
Unloading 1723 Unused Serialized files (Serialized files now loaded: 0)
System memory in use before: 77.7 MB.
System memory in use after: 77.8 MB.

Unloading 14 unused Assets to reduce memory usage. Loaded Objects now: 2169.
Total: 7.281900 ms (FindLiveObjects: 0.590900 ms CreateObjectMapping: 0.171300 ms MarkObjects: 6.310300 ms  DeleteObjects: 0.204100 ms)

AssetImportParameters requested are different than current active one (requested -> active):
  custom:framework-win-MediaFoundation: 216162199b28c13a410421893ffa2e32 -> 
  custom:video-decoder-ogg-theora: a1e56fd34408186e4bbccfd4996cb3dc -> 
  custom:container-muxer-webm: aa71ff27fc2769a1b78a27578f13a17b -> 
  custom:container-demuxer-webm: 4f35f7cbe854078d1ac9338744f61a02 -> 
  custom:container-demuxer-ogg: 62fdf1f143b41e24485cea50d1cbac27 -> 
  custom:video-encoder-webm-vp8: eb34c28f22e8b96e1ab97ce403110664 -> 
  custom:video-decoder-webm-vp8: 9c59270c3fd7afecdb556c50c9e8de78 -> 
  custom:audio-decoder-ogg-vorbis: bf7c407c2cedff20999df2af8eb42d56 -> 
  custom:audio-encoder-webm-vorbis: bf7c407c2cedff20999df2af8eb42d56 -> 
========================================================================
Received Import Request.
  Time since last request: 179.051493 seconds.
  path: Assets/Scripts/Car.cs
  artifactKey: Guid(162a93e348e655041a3883e931aa0bfd) Importer(815301076,1909f56bfc062723c751e8b465ee728b)
Start importing Assets/Scripts/Car.cs using Guid(162a93e348e655041a3883e931aa0bfd) Importer(815301076,1909f56bfc062723c751e8b465ee728b)  -> (artifact id: 'b412efe2cdd070fb69076d31445753af') in 0.016258 seconds 
  Import took 0.026875 seconds .

========================================================================
Received Import Request.
  Time since last request: 0.008952 seconds.
  path: Assets/Scripts/Car.cs
  artifactKey: Guid(162a93e348e655041a3883e931aa0bfd) Importer(815301076,1909f56bfc062723c751e8b465ee728b)
Start importing Assets/Scripts/Car.cs using Guid(162a93e348e655041a3883e931aa0bfd) Importer(815301076,1909f56bfc062723c751e8b465ee728b)  -> (artifact id: 'b412efe2cdd070fb69076d31445753af') in 0.009433 seconds 
  Import took 0.017943 seconds .

========================================================================
Received Prepare
Registering precompiled user dll's ...
Registered in 0.012076 seconds.
Begin MonoManager ReloadAssembly
Native extension for WindowsStandalone target not found
Refreshing native plugins compatible for Editor in 0.72 ms, found 2 plugins.
Preloading 0 native plugins for Editor in 0.00 ms.
Mono: successfully reloaded assembly
- Completed reload, in  2.008 seconds
Platform modules already initialized, skipping
Refreshing native plugins compatible for Editor in 0.52 ms, found 2 plugins.
Preloading 0 native plugins for Editor in 0.00 ms.
Unloading 1723 Unused Serialized files (Serialized files now loaded: 0)
System memory in use before: 77.8 MB.
System memory in use after: 77.8 MB.

Unloading 14 unused Assets to reduce memory usage. Loaded Objects now: 2172.
Total: 3.301700 ms (FindLiveObjects: 0.240900 ms CreateObjectMapping: 0.056100 ms MarkObjects: 2.914200 ms  DeleteObjects: 0.088800 ms)

AssetImportParameters requested are different than current active one (requested -> active):
  custom:framework-win-MediaFoundation: 216162199b28c13a410421893ffa2e32 -> 
  custom:video-decoder-ogg-theora: a1e56fd34408186e4bbccfd4996cb3dc -> 
  custom:container-muxer-webm: aa71ff27fc2769a1b78a27578f13a17b -> 
  custom:container-demuxer-webm: 4f35f7cbe854078d1ac9338744f61a02 -> 
  custom:container-demuxer-ogg: 62fdf1f143b41e24485cea50d1cbac27 -> 
  custom:video-encoder-webm-vp8: eb34c28f22e8b96e1ab97ce403110664 -> 
  custom:video-decoder-webm-vp8: 9c59270c3fd7afecdb556c50c9e8de78 -> 
  custom:audio-decoder-ogg-vorbis: bf7c407c2cedff20999df2af8eb42d56 -> 
  custom:audio-encoder-webm-vorbis: bf7c407c2cedff20999df2af8eb42d56 -> 
========================================================================
Received Prepare
Registering precompiled user dll's ...
Registered in 0.006332 seconds.
Begin MonoManager ReloadAssembly
Native extension for WindowsStandalone target not found
Refreshing native plugins compatible for Editor in 0.91 ms, found 2 plugins.
Preloading 0 native plugins for Editor in 0.00 ms.
Mono: successfully reloaded assembly
- Completed reload, in  2.598 seconds
Platform modules already initialized, skipping
Refreshing native plugins compatible for Editor in 0.82 ms, found 2 plugins.
Preloading 0 native plugins for Editor in 0.00 ms.
Unloading 1723 Unused Serialized files (Serialized files now loaded: 0)
System memory in use before: 77.8 MB.
System memory in use after: 77.9 MB.

Unloading 14 unused Assets to reduce memory usage. Loaded Objects now: 2175.
Total: 6.400900 ms (FindLiveObjects: 0.414400 ms CreateObjectMapping: 0.147100 ms MarkObjects: 5.667300 ms  DeleteObjects: 0.168400 ms)

AssetImportParameters requested are different than current active one (requested -> active):
  custom:framework-win-MediaFoundation: 216162199b28c13a410421893ffa2e32 -> 
  custom:video-decoder-ogg-theora: a1e56fd34408186e4bbccfd4996cb3dc -> 
  custom:container-muxer-webm: aa71ff27fc2769a1b78a27578f13a17b -> 
  custom:container-demuxer-webm: 4f35f7cbe854078d1ac9338744f61a02 -> 
  custom:container-demuxer-ogg: 62fdf1f143b41e24485cea50d1cbac27 -> 
  custom:video-encoder-webm-vp8: eb34c28f22e8b96e1ab97ce403110664 -> 
  custom:video-decoder-webm-vp8: 9c59270c3fd7afecdb556c50c9e8de78 -> 
  custom:audio-decoder-ogg-vorbis: bf7c407c2cedff20999df2af8eb42d56 -> 
  custom:audio-encoder-webm-vorbis: bf7c407c2cedff20999df2af8eb42d56 -> 
========================================================================
Received Import Request.
  Time since last request: 944.586065 seconds.
  path: Assets/Scripts/Car.cs
  artifactKey: Guid(162a93e348e655041a3883e931aa0bfd) Importer(815301076,1909f56bfc062723c751e8b465ee728b)
Start importing Assets/Scripts/Car.cs using Guid(162a93e348e655041a3883e931aa0bfd) Importer(815301076,1909f56bfc062723c751e8b465ee728b)  -> (artifact id: '4b59d681271abcff023fd76f263fa9cd') in 0.009666 seconds 
  Import took 0.017105 seconds .

========================================================================
Received Prepare
Registering precompiled user dll's ...
Registered in 0.005409 seconds.
Begin MonoManager ReloadAssembly
Native extension for WindowsStandalone target not found
Refreshing native plugins compatible for Editor in 0.45 ms, found 2 plugins.
Preloading 0 native plugins for Editor in 0.00 ms.
Mono: successfully reloaded assembly
- Completed reload, in  1.470 seconds
Platform modules already initialized, skipping
Refreshing native plugins compatible for Editor in 0.45 ms, found 2 plugins.
Preloading 0 native plugins for Editor in 0.00 ms.
Unloading 1723 Unused Serialized files (Serialized files now loaded: 0)
System memory in use before: 77.8 MB.
System memory in use after: 77.9 MB.

Unloading 14 unused Assets to reduce memory usage. Loaded Objects now: 2178.
Total: 3.645600 ms (FindLiveObjects: 0.323100 ms CreateObjectMapping: 0.093200 ms MarkObjects: 3.127200 ms  DeleteObjects: 0.099200 ms)

AssetImportParameters requested are different than current active one (requested -> active):
  custom:framework-win-MediaFoundation: 216162199b28c13a410421893ffa2e32 -> 
  custom:video-decoder-ogg-theora: a1e56fd34408186e4bbccfd4996cb3dc -> 
  custom:container-muxer-webm: aa71ff27fc2769a1b78a27578f13a17b -> 
  custom:container-demuxer-webm: 4f35f7cbe854078d1ac9338744f61a02 -> 
  custom:container-demuxer-ogg: 62fdf1f143b41e24485cea50d1cbac27 -> 
  custom:video-encoder-webm-vp8: eb34c28f22e8b96e1ab97ce403110664 -> 
  custom:video-decoder-webm-vp8: 9c59270c3fd7afecdb556c50c9e8de78 -> 
  custom:audio-decoder-ogg-vorbis: bf7c407c2cedff20999df2af8eb42d56 -> 
  custom:audio-encoder-webm-vorbis: bf7c407c2cedff20999df2af8eb42d56 -> 
========================================================================
Received Prepare
Registering precompiled user dll's ...
Registered in 0.005935 seconds.
Begin MonoManager ReloadAssembly
Native extension for WindowsStandalone target not found
Refreshing native plugins compatible for Editor in 1.62 ms, found 2 plugins.
Preloading 0 native plugins for Editor in 0.00 ms.
Mono: successfully reloaded assembly
- Completed reload, in  1.463 seconds
Platform modules already initialized, skipping
Refreshing native plugins compatible for Editor in 0.54 ms, found 2 plugins.
Preloading 0 native plugins for Editor in 0.00 ms.
Unloading 1723 Unused Serialized files (Serialized files now loaded: 0)
System memory in use before: 77.8 MB.
System memory in use after: 77.9 MB.

Unloading 14 unused Assets to reduce memory usage. Loaded Objects now: 2181.
Total: 3.784900 ms (FindLiveObjects: 0.277000 ms CreateObjectMapping: 0.080500 ms MarkObjects: 3.290500 ms  DeleteObjects: 0.134800 ms)

AssetImportParameters requested are different than current active one (requested -> active):
  custom:framework-win-MediaFoundation: 216162199b28c13a410421893ffa2e32 -> 
  custom:video-decoder-ogg-theora: a1e56fd34408186e4bbccfd4996cb3dc -> 
  custom:container-muxer-webm: aa71ff27fc2769a1b78a27578f13a17b -> 
  custom:container-demuxer-webm: 4f35f7cbe854078d1ac9338744f61a02 -> 
  custom:container-demuxer-ogg: 62fdf1f143b41e24485cea50d1cbac27 -> 
  custom:video-encoder-webm-vp8: eb34c28f22e8b96e1ab97ce403110664 -> 
  custom:video-decoder-webm-vp8: 9c59270c3fd7afecdb556c50c9e8de78 -> 
  custom:audio-decoder-ogg-vorbis: bf7c407c2cedff20999df2af8eb42d56 -> 
  custom:audio-encoder-webm-vorbis: bf7c407c2cedff20999df2af8eb42d56 -> 
AssetImportWorkerClient::OnTransportError - code=2 error=End of file
